<?xml version="1.0" encoding="UTF-8"?>
<!-- Generated by org.testng.reporters.JUnitXMLReporter -->
<testsuite ignored="0" hostname="DESKTOP-V0QJPPO" failures="0" tests="5" name="Default test" time="94.292" errors="0" timestamp="2020-05-12T21:08:33 CEST">
  <testcase classname="products.ProductsTest" name="Add5ProductsTest" time="55.094"/>
  <testcase classname="products.ProductsTest" name="openEditPageTest" time="6.468"/>
  <testcase classname="products.ProductsTest" name="increasePricesTest" time="0.681"/>
  <testcase classname="products.ProductsTest" name="saveChangesTest" time="4.223"/>
  <testcase classname="products.ProductsTest" name="DeleteAllProductsTest" time="12.21"/>
</testsuite> <!-- Default test -->
