<?xml version="1.0" encoding="UTF-8"?>
<testng-results ignored="0" total="4" passed="4" failed="0" skipped="0">
  <reporter-output>
  </reporter-output>
  <suite started-at="2020-05-17T18:43:14 CEST" name="Default suite" finished-at="2020-05-17T18:43:14 CEST" duration-ms="103">
    <groups>
    </groups>
    <test started-at="2020-05-17T18:43:14 CEST" name="Default test" finished-at="2020-05-17T18:43:14 CEST" duration-ms="103">
      <class name="test.CalculatorTest">
        <test-method signature="addTest()[pri:0, instance:test.CalculatorTest@60611244]" started-at="2020-05-17T18:43:14 CEST" name="addTest" finished-at="2020-05-17T18:43:14 CEST" duration-ms="12" status="PASS">
          <reporter-output>
          </reporter-output>
        </test-method> <!-- addTest -->
        <test-method signature="divTest()[pri:0, instance:test.CalculatorTest@60611244]" started-at="2020-05-17T18:43:14 CEST" name="divTest" finished-at="2020-05-17T18:43:14 CEST" duration-ms="9" status="PASS">
          <reporter-output>
          </reporter-output>
        </test-method> <!-- divTest -->
        <test-method signature="getTest()[pri:0, instance:test.CalculatorTest@60611244]" started-at="2020-05-17T18:43:14 CEST" name="getTest" finished-at="2020-05-17T18:43:14 CEST" duration-ms="3" status="PASS">
          <reporter-output>
          </reporter-output>
        </test-method> <!-- getTest -->
        <test-method signature="setTest()[pri:0, instance:test.CalculatorTest@60611244]" started-at="2020-05-17T18:43:14 CEST" name="setTest" finished-at="2020-05-17T18:43:14 CEST" duration-ms="11" status="PASS">
          <reporter-output>
          </reporter-output>
        </test-method> <!-- setTest -->
      </class> <!-- test.CalculatorTest -->
    </test> <!-- Default test -->
  </suite> <!-- Default suite -->
</testng-results>
