<?xml version="1.0" encoding="UTF-8"?>
<!-- Generated by org.testng.reporters.JUnitXMLReporter -->
<testsuite ignored="0" hostname="DESKTOP-V0QJPPO" failures="0" tests="4" name="Default test" time="0.103" errors="0" timestamp="2020-05-17T18:43:14 CEST">
  <testcase classname="test.CalculatorTest" name="addTest" time="0.012"/>
  <testcase classname="test.CalculatorTest" name="divTest" time="0.009"/>
  <testcase classname="test.CalculatorTest" name="getTest" time="0.003"/>
  <testcase classname="test.CalculatorTest" name="setTest" time="0.011"/>
</testsuite> <!-- Default test -->
