<?xml version="1.0" encoding="UTF-8"?>
<!-- Generated by org.testng.reporters.JUnitXMLReporter -->
<testsuite ignored="4" hostname="DESKTOP-V0QJPPO" failures="0" tests="10" name="Test" time="93.939" errors="0" timestamp="2020-05-12T21:36:22 CEST">
  <testcase classname="login.LogUnregisteredUserTest" name="UnRegLogTest" time="3.01"/>
  <testcase classname="login.LogInUserTest" name="inputNameTest" time="0.133"/>
  <testcase classname="login.LogInUserTest" name="inputPassTest" time="0.114"/>
  <testcase classname="login.LogInUserTest" name="submitTest" time="7.32"/>
  <testcase classname="login.LogInUserTest" name="signOutTest" time="3.697"/>
  <testcase classname="products.ProductsTest" name="Add5ProductsTest" time="53.526"/>
  <testcase classname="products.ProductsTest" name="openEditPageTest" time="5.693"/>
  <testcase classname="products.ProductsTest" name="increasePricesTest" time="0.632"/>
  <testcase classname="products.ProductsTest" name="saveChangesTest" time="2.784"/>
  <testcase classname="products.ProductsTest" name="DeleteAllProductsTest" time="9.465"/>
  <testcase classname="base.BaseClass" name="@BeforeSuite beforeSuite" time="0.0">
    <ignored/>
  </testcase> <!-- @BeforeSuite beforeSuite -->
  <testcase classname="base.BaseClass" name="@BeforeSuite beforeSuite" time="0.0">
    <ignored/>
  </testcase> <!-- @BeforeSuite beforeSuite -->
  <testcase classname="base.BaseClass" name="@AfterSuite afterSuite" time="0.0">
    <ignored/>
  </testcase> <!-- @AfterSuite afterSuite -->
  <testcase classname="base.BaseClass" name="@AfterSuite afterSuite" time="0.0">
    <ignored/>
  </testcase> <!-- @AfterSuite afterSuite -->
</testsuite> <!-- Test -->
